<?xml version="1.0" encoding="UTF-8"?>
<testng-results ignored="0" total="1" passed="1" failed="0" skipped="0">
  <reporter-output>
  </reporter-output>
  <suite started-at="2018-10-30T17:18:59Z" name="Default suite" finished-at="2018-10-30T17:19:12Z" duration-ms="12423">
    <groups>
    </groups>
    <test started-at="2018-10-30T17:18:59Z" name="Default test" finished-at="2018-10-30T17:19:12Z" duration-ms="12423">
      <class name="org.test.java.clas.Testng">
        <test-method is-config="true" signature="bl()[pri:0, instance:org.test.java.clas.Testng@6e0e5dec]" started-at="2018-10-30T17:18:59Z" name="bl" finished-at="2018-10-30T17:19:10Z" duration-ms="10990" status="PASS">
          <reporter-output>
          </reporter-output>
        </test-method> <!-- bl -->
        <test-method signature="testMethod()[pri:0, instance:org.test.java.clas.Testng@6e0e5dec]" started-at="2018-10-30T17:19:10Z" name="testMethod" finished-at="2018-10-30T17:19:11Z" duration-ms="192" status="PASS">
          <reporter-output>
          </reporter-output>
        </test-method> <!-- testMethod -->
        <test-method is-config="true" signature="al()[pri:0, instance:org.test.java.clas.Testng@6e0e5dec]" started-at="2018-10-30T17:19:11Z" name="al" finished-at="2018-10-30T17:19:12Z" duration-ms="1134" status="PASS">
          <reporter-output>
          </reporter-output>
        </test-method> <!-- al -->
      </class> <!-- org.test.java.clas.Testng -->
    </test> <!-- Default test -->
  </suite> <!-- Default suite -->
</testng-results>
